97 41
20 14
22 21
39 2
25 28
6 19
34 17
39 40
2 11
30 24
1 8
7 30
5 0
37 20
38 10
35 37
11 17
24 27
1 18
20 13
3 31
39 34
2 31
12 3
4 21
4 10
26 39
29 26
31 24
18 40
16 1
9 38
1 12
20 4
35 16
17 25
23 5
16 0
23 39
22 31
36 17
28 19
32 5
37 32
27 11
8 26
7 2
13 5
32 10
18 36
37 6
15 31
8 37
10 21
0 19
4 28
7 38
7 4
34 13
30 1
6 18
22 10
3 39
35 13
39 3
2 8
35 26
27 29
15 8
21 0
28 37
10 21
12 24
0 31
15 26
18 36
33 13
17 39
37 25
15 26
4 31
37 23
5 2
23 35
37 0
4 26
32 4
36 1
34 29
7 40
19 12
31 14
17 12
16 5
16 38
10 7
15 13
2 1
